"2020-03-23 09:20:21 - Starting EmployeeManagementSystemApplication on vinayprajapati with PID 21548 (C:\Users\vinayprajapati\eclipse-workspace\EmployeeManagementSystem\target\classes started by vinayprajapati in C:\Users\vinayprajapati\eclipse-workspace\EmployeeManagementSystem)
""2020-03-23 09:20:21 - No active profile set, falling back to default profiles: default
""2020-03-23 09:20:22 - Multiple Spring Data modules found, entering strict repository configuration mode!
""2020-03-23 09:20:22 - Bootstrapping Spring Data JPA repositories in DEFAULT mode.
""2020-03-23 09:20:22 - Finished Spring Data repository scanning in 48ms. Found 1 JPA repository interfaces.
""2020-03-23 09:20:22 - Multiple Spring Data modules found, entering strict repository configuration mode!
""2020-03-23 09:20:22 - Bootstrapping Spring Data LDAP repositories in DEFAULT mode.
""2020-03-23 09:20:22 - Spring Data LDAP - Could not safely identify store assignment for repository candidate interface com.apiconsumer.repository.UserRepository. If you want this repository to be a LDAP repository, consider annotating your entities with one of these annotations: org.springframework.ldap.odm.annotations.Entry (preferred), or consider extending one of the following types with your repository: org.springframework.data.ldap.repository.LdapRepository.
""2020-03-23 09:20:22 - Finished Spring Data repository scanning in 8ms. Found 0 LDAP repository interfaces.
""2020-03-23 09:20:23 - Tomcat initialized with port(s): 5050 (http)
""2020-03-23 09:20:23 - Starting service [Tomcat]
""2020-03-23 09:20:23 - Starting Servlet engine: [Apache Tomcat/9.0.31]
""2020-03-23 09:20:23 - At least one JAR was scanned for TLDs yet contained no TLDs. Enable debug logging for this logger for a complete list of JARs that were scanned but no TLDs were found in them. Skipping unneeded JARs during scanning can improve startup time and JSP compilation time.
""2020-03-23 09:20:23 - Initializing Spring embedded WebApplicationContext
""2020-03-23 09:20:23 - Root WebApplicationContext: initialization completed in 1479 ms
""2020-03-23 09:20:23 - Property 'userDn' not set - anonymous context will be used for read-write operations
""2020-03-23 09:20:23 - HHH000204: Processing PersistenceUnitInfo [name: default]
""2020-03-23 09:20:23 - HHH000412: Hibernate ORM core version 5.4.12.Final
""2020-03-23 09:20:23 - HCANN000001: Hibernate Commons Annotations {5.1.0.Final}
""2020-03-23 09:20:23 - HikariPool-1 - Starting...
""2020-03-23 09:20:23 - HikariPool-1 - Start completed.
""2020-03-23 09:20:24 - HHH000400: Using dialect: org.hibernate.dialect.MySQL5InnoDBDialect
""2020-03-23 09:20:24 - HHH000490: Using JtaPlatform implementation: [org.hibernate.engine.transaction.jta.platform.internal.NoJtaPlatform]
""2020-03-23 09:20:24 - Initialized JPA EntityManagerFactory for persistence unit 'default'
""2020-03-23 09:20:25 - Creating filter chain: any request, [org.springframework.security.web.context.request.async.WebAsyncManagerIntegrationFilter@388f1258, org.springframework.security.web.context.SecurityContextPersistenceFilter@729cd862, org.springframework.security.web.header.HeaderWriterFilter@54f2df29, org.springframework.security.web.authentication.logout.LogoutFilter@3a5e2525, org.springframework.security.web.authentication.UsernamePasswordAuthenticationFilter@710ae6a7, org.springframework.security.web.savedrequest.RequestCacheAwareFilter@568f4faa, org.springframework.security.web.servletapi.SecurityContextHolderAwareRequestFilter@643f6179, org.springframework.security.web.authentication.AnonymousAuthenticationFilter@62058742, org.springframework.security.web.session.SessionManagementFilter@655203e3, org.springframework.security.web.access.ExceptionTranslationFilter@577bfadb, org.springframework.security.web.access.intercept.FilterSecurityInterceptor@2c8a445b]
""2020-03-23 09:20:25 - Initializing ExecutorService 'applicationTaskExecutor'
""2020-03-23 09:20:25 - Exposing 2 endpoint(s) beneath base path '/actuator'
""2020-03-23 09:20:25 - Tomcat started on port(s): 5050 (http) with context path ''
""2020-03-23 09:20:25 - Started EmployeeManagementSystemApplication in 3.979 seconds (JVM running for 4.674)
""2020-03-23 09:20:26 - Initializing Spring DispatcherServlet 'dispatcherServlet'
""2020-03-23 09:20:26 - Initializing Servlet 'dispatcherServlet'
""2020-03-23 09:20:26 - Completed initialization in 5 ms
""2020-03-23 09:22:03 - Application shutdown requested.
""2020-03-23 09:22:03 - Shutting down ExecutorService 'applicationTaskExecutor'
""2020-03-23 09:22:03 - Closing JPA EntityManagerFactory for persistence unit 'default'
""2020-03-23 09:22:03 - HikariPool-1 - Shutdown initiated...
""2020-03-23 09:22:03 - HikariPool-1 - Shutdown completed.
""2020-03-23 09:22:07 - Starting EmployeeManagementSystemApplication on vinayprajapati with PID 19184 (C:\Users\vinayprajapati\eclipse-workspace\EmployeeManagementSystem\target\classes started by vinayprajapati in C:\Users\vinayprajapati\eclipse-workspace\EmployeeManagementSystem)
""2020-03-23 09:22:07 - No active profile set, falling back to default profiles: default
""2020-03-23 09:22:07 - Multiple Spring Data modules found, entering strict repository configuration mode!
""2020-03-23 09:22:07 - Bootstrapping Spring Data JPA repositories in DEFAULT mode.
""2020-03-23 09:22:07 - Finished Spring Data repository scanning in 48ms. Found 1 JPA repository interfaces.
""2020-03-23 09:22:07 - Multiple Spring Data modules found, entering strict repository configuration mode!
""2020-03-23 09:22:07 - Bootstrapping Spring Data LDAP repositories in DEFAULT mode.
""2020-03-23 09:22:07 - Spring Data LDAP - Could not safely identify store assignment for repository candidate interface com.apiconsumer.repository.UserRepository. If you want this repository to be a LDAP repository, consider annotating your entities with one of these annotations: org.springframework.ldap.odm.annotations.Entry (preferred), or consider extending one of the following types with your repository: org.springframework.data.ldap.repository.LdapRepository.
""2020-03-23 09:22:07 - Finished Spring Data repository scanning in 6ms. Found 0 LDAP repository interfaces.
""2020-03-23 09:22:08 - Tomcat initialized with port(s): 5050 (http)
""2020-03-23 09:22:08 - Starting service [Tomcat]
""2020-03-23 09:22:08 - Starting Servlet engine: [Apache Tomcat/9.0.31]
""2020-03-23 09:22:08 - At least one JAR was scanned for TLDs yet contained no TLDs. Enable debug logging for this logger for a complete list of JARs that were scanned but no TLDs were found in them. Skipping unneeded JARs during scanning can improve startup time and JSP compilation time.
""2020-03-23 09:22:08 - Initializing Spring embedded WebApplicationContext
""2020-03-23 09:22:08 - Root WebApplicationContext: initialization completed in 1439 ms
""2020-03-23 09:22:08 - Property 'userDn' not set - anonymous context will be used for read-write operations
""2020-03-23 09:22:09 - HHH000204: Processing PersistenceUnitInfo [name: default]
""2020-03-23 09:22:09 - HHH000412: Hibernate ORM core version 5.4.12.Final
""2020-03-23 09:22:09 - HCANN000001: Hibernate Commons Annotations {5.1.0.Final}
""2020-03-23 09:22:09 - HikariPool-1 - Starting...
""2020-03-23 09:22:09 - HikariPool-1 - Start completed.
""2020-03-23 09:22:09 - HHH000400: Using dialect: org.hibernate.dialect.MySQL5InnoDBDialect
""2020-03-23 09:22:09 - HHH000490: Using JtaPlatform implementation: [org.hibernate.engine.transaction.jta.platform.internal.NoJtaPlatform]
""2020-03-23 09:22:09 - Initialized JPA EntityManagerFactory for persistence unit 'default'
""2020-03-23 09:22:10 - Creating filter chain: any request, [org.springframework.security.web.context.request.async.WebAsyncManagerIntegrationFilter@6987a133, org.springframework.security.web.context.SecurityContextPersistenceFilter@5c5a91b4, org.springframework.security.web.header.HeaderWriterFilter@bf2aa32, org.springframework.security.web.authentication.logout.LogoutFilter@31228d83, org.springframework.security.web.authentication.UsernamePasswordAuthenticationFilter@b428830, org.springframework.security.web.savedrequest.RequestCacheAwareFilter@59ec7020, org.springframework.security.web.servletapi.SecurityContextHolderAwareRequestFilter@750cd36d, org.springframework.security.web.authentication.AnonymousAuthenticationFilter@50778bde, org.springframework.security.web.session.SessionManagementFilter@6b3d9c38, org.springframework.security.web.access.ExceptionTranslationFilter@4d0e1a9a, org.springframework.security.web.access.intercept.FilterSecurityInterceptor@27bb4dc5]
""2020-03-23 09:22:10 - Initializing ExecutorService 'applicationTaskExecutor'
""2020-03-23 09:22:10 - Exposing 2 endpoint(s) beneath base path '/actuator'
""2020-03-23 09:22:10 - Tomcat started on port(s): 5050 (http) with context path ''
""2020-03-23 09:22:10 - Started EmployeeManagementSystemApplication in 3.84 seconds (JVM running for 4.534)
""2020-03-23 09:22:12 - Initializing Spring DispatcherServlet 'dispatcherServlet'
""2020-03-23 09:22:12 - Initializing Servlet 'dispatcherServlet'
""2020-03-23 09:22:12 - Completed initialization in 7 ms
""2020-03-23 09:35:33 - Application shutdown requested.
""2020-03-23 09:35:33 - Shutting down ExecutorService 'applicationTaskExecutor'
""2020-03-23 09:35:33 - Closing JPA EntityManagerFactory for persistence unit 'default'
""2020-03-23 09:35:33 - HikariPool-1 - Shutdown initiated...
""2020-03-23 09:35:33 - HikariPool-1 - Shutdown completed.
""2020-03-23 09:35:37 - Starting EmployeeManagementSystemApplication on vinayprajapati with PID 15512 (C:\Users\vinayprajapati\eclipse-workspace\EmployeeManagementSystem\target\classes started by vinayprajapati in C:\Users\vinayprajapati\eclipse-workspace\EmployeeManagementSystem)
""2020-03-23 09:35:37 - No active profile set, falling back to default profiles: default
""2020-03-23 09:35:37 - Multiple Spring Data modules found, entering strict repository configuration mode!
""2020-03-23 09:35:37 - Bootstrapping Spring Data JPA repositories in DEFAULT mode.
""2020-03-23 09:35:38 - Finished Spring Data repository scanning in 49ms. Found 1 JPA repository interfaces.
""2020-03-23 09:35:38 - Multiple Spring Data modules found, entering strict repository configuration mode!
""2020-03-23 09:35:38 - Bootstrapping Spring Data LDAP repositories in DEFAULT mode.
""2020-03-23 09:35:38 - Spring Data LDAP - Could not safely identify store assignment for repository candidate interface com.apiconsumer.repository.UserRepository. If you want this repository to be a LDAP repository, consider annotating your entities with one of these annotations: org.springframework.ldap.odm.annotations.Entry (preferred), or consider extending one of the following types with your repository: org.springframework.data.ldap.repository.LdapRepository.
""2020-03-23 09:35:38 - Finished Spring Data repository scanning in 6ms. Found 0 LDAP repository interfaces.
""2020-03-23 09:35:38 - Tomcat initialized with port(s): 5050 (http)
""2020-03-23 09:35:38 - Starting service [Tomcat]
""2020-03-23 09:35:38 - Starting Servlet engine: [Apache Tomcat/9.0.31]
""2020-03-23 09:35:38 - At least one JAR was scanned for TLDs yet contained no TLDs. Enable debug logging for this logger for a complete list of JARs that were scanned but no TLDs were found in them. Skipping unneeded JARs during scanning can improve startup time and JSP compilation time.
""2020-03-23 09:35:38 - Initializing Spring embedded WebApplicationContext
""2020-03-23 09:35:38 - Root WebApplicationContext: initialization completed in 1637 ms
""2020-03-23 09:35:38 - Property 'userDn' not set - anonymous context will be used for read-write operations
""2020-03-23 09:35:39 - HHH000204: Processing PersistenceUnitInfo [name: default]
""2020-03-23 09:35:39 - HHH000412: Hibernate ORM core version 5.4.12.Final
""2020-03-23 09:35:39 - HCANN000001: Hibernate Commons Annotations {5.1.0.Final}
""2020-03-23 09:35:39 - HikariPool-1 - Starting...
""2020-03-23 09:35:39 - HikariPool-1 - Start completed.
""2020-03-23 09:35:39 - HHH000400: Using dialect: org.hibernate.dialect.MySQL5InnoDBDialect
""2020-03-23 09:35:40 - HHH000490: Using JtaPlatform implementation: [org.hibernate.engine.transaction.jta.platform.internal.NoJtaPlatform]
""2020-03-23 09:35:40 - Initialized JPA EntityManagerFactory for persistence unit 'default'
""2020-03-23 09:35:40 - Creating filter chain: any request, [org.springframework.security.web.context.request.async.WebAsyncManagerIntegrationFilter@2c8a445b, org.springframework.security.web.context.SecurityContextPersistenceFilter@99c4993, org.springframework.security.web.header.HeaderWriterFilter@b3857e2, org.springframework.security.web.authentication.logout.LogoutFilter@20b829d5, org.springframework.security.web.authentication.UsernamePasswordAuthenticationFilter@45dde6ac, org.springframework.security.web.savedrequest.RequestCacheAwareFilter@9729a97, org.springframework.security.web.servletapi.SecurityContextHolderAwareRequestFilter@655203e3, org.springframework.security.web.authentication.AnonymousAuthenticationFilter@356b6b5d, org.springframework.security.web.session.SessionManagementFilter@37d0d373, org.springframework.security.web.access.ExceptionTranslationFilter@5458c71e, org.springframework.security.web.access.intercept.FilterSecurityInterceptor@1682e6a]
""2020-03-23 09:35:40 - Initializing ExecutorService 'applicationTaskExecutor'
""2020-03-23 09:35:40 - Exposing 2 endpoint(s) beneath base path '/actuator'
""2020-03-23 09:35:40 - Tomcat started on port(s): 5050 (http) with context path ''
""2020-03-23 09:35:40 - Started EmployeeManagementSystemApplication in 4.085 seconds (JVM running for 4.741)
""2020-03-23 09:35:43 - Initializing Spring DispatcherServlet 'dispatcherServlet'
""2020-03-23 09:35:43 - Initializing Servlet 'dispatcherServlet'
""2020-03-23 09:35:43 - Completed initialization in 6 ms
""2020-03-23 09:36:52 - Application shutdown requested.
""2020-03-23 09:36:52 - Shutting down ExecutorService 'applicationTaskExecutor'
""2020-03-23 09:36:52 - Closing JPA EntityManagerFactory for persistence unit 'default'
""2020-03-23 09:36:52 - HikariPool-1 - Shutdown initiated...
""2020-03-23 09:36:52 - HikariPool-1 - Shutdown completed.
""2020-03-23 09:36:56 - Starting EmployeeManagementSystemApplication on vinayprajapati with PID 21952 (C:\Users\vinayprajapati\eclipse-workspace\EmployeeManagementSystem\target\classes started by vinayprajapati in C:\Users\vinayprajapati\eclipse-workspace\EmployeeManagementSystem)
""2020-03-23 09:36:56 - No active profile set, falling back to default profiles: default
""2020-03-23 09:36:57 - Multiple Spring Data modules found, entering strict repository configuration mode!
""2020-03-23 09:36:57 - Bootstrapping Spring Data JPA repositories in DEFAULT mode.
""2020-03-23 09:36:57 - Finished Spring Data repository scanning in 58ms. Found 1 JPA repository interfaces.
""2020-03-23 09:36:57 - Multiple Spring Data modules found, entering strict repository configuration mode!
""2020-03-23 09:36:57 - Bootstrapping Spring Data LDAP repositories in DEFAULT mode.
""2020-03-23 09:36:57 - Spring Data LDAP - Could not safely identify store assignment for repository candidate interface com.apiconsumer.repository.UserRepository. If you want this repository to be a LDAP repository, consider annotating your entities with one of these annotations: org.springframework.ldap.odm.annotations.Entry (preferred), or consider extending one of the following types with your repository: org.springframework.data.ldap.repository.LdapRepository.
""2020-03-23 09:36:57 - Finished Spring Data repository scanning in 6ms. Found 0 LDAP repository interfaces.
""2020-03-23 09:36:57 - Tomcat initialized with port(s): 5050 (http)
""2020-03-23 09:36:57 - Starting service [Tomcat]
""2020-03-23 09:36:57 - Starting Servlet engine: [Apache Tomcat/9.0.31]
""2020-03-23 09:36:57 - At least one JAR was scanned for TLDs yet contained no TLDs. Enable debug logging for this logger for a complete list of JARs that were scanned but no TLDs were found in them. Skipping unneeded JARs during scanning can improve startup time and JSP compilation time.
""2020-03-23 09:36:57 - Initializing Spring embedded WebApplicationContext
""2020-03-23 09:36:57 - Root WebApplicationContext: initialization completed in 1580 ms
""2020-03-23 09:36:58 - Property 'userDn' not set - anonymous context will be used for read-write operations
""2020-03-23 09:36:58 - HHH000204: Processing PersistenceUnitInfo [name: default]
""2020-03-23 09:36:58 - HHH000412: Hibernate ORM core version 5.4.12.Final
""2020-03-23 09:36:58 - HCANN000001: Hibernate Commons Annotations {5.1.0.Final}
""2020-03-23 09:36:58 - HikariPool-1 - Starting...
""2020-03-23 09:36:58 - HikariPool-1 - Start completed.
""2020-03-23 09:36:58 - HHH000400: Using dialect: org.hibernate.dialect.MySQL5InnoDBDialect
""2020-03-23 09:36:59 - HHH000490: Using JtaPlatform implementation: [org.hibernate.engine.transaction.jta.platform.internal.NoJtaPlatform]
""2020-03-23 09:36:59 - Initialized JPA EntityManagerFactory for persistence unit 'default'
""2020-03-23 09:36:59 - Creating filter chain: any request, [org.springframework.security.web.context.request.async.WebAsyncManagerIntegrationFilter@18e4551, org.springframework.security.web.context.SecurityContextPersistenceFilter@4adf3582, org.springframework.security.web.header.HeaderWriterFilter@38089dae, org.springframework.security.web.authentication.logout.LogoutFilter@61ab6521, org.springframework.security.web.authentication.UsernamePasswordAuthenticationFilter@11d2714a, org.springframework.security.web.savedrequest.RequestCacheAwareFilter@632241f5, org.springframework.security.web.servletapi.SecurityContextHolderAwareRequestFilter@4c56644f, org.springframework.security.web.authentication.AnonymousAuthenticationFilter@3ea48c37, org.springframework.security.web.session.SessionManagementFilter@5dfd31f4, org.springframework.security.web.access.ExceptionTranslationFilter@4052913c, org.springframework.security.web.access.intercept.FilterSecurityInterceptor@74f4a2ba]
""2020-03-23 09:36:59 - Initializing ExecutorService 'applicationTaskExecutor'
""2020-03-23 09:37:00 - Exposing 2 endpoint(s) beneath base path '/actuator'
""2020-03-23 09:37:00 - Tomcat started on port(s): 5050 (http) with context path ''
""2020-03-23 09:37:00 - Started EmployeeManagementSystemApplication in 4.219 seconds (JVM running for 4.971)
""2020-03-23 09:37:00 - Initializing Spring DispatcherServlet 'dispatcherServlet'
""2020-03-23 09:37:00 - Initializing Servlet 'dispatcherServlet'
""2020-03-23 09:37:00 - Completed initialization in 7 ms
""2020-03-23 09:38:24 - Application shutdown requested.
""2020-03-23 09:38:24 - Shutting down ExecutorService 'applicationTaskExecutor'
""2020-03-23 09:38:24 - Closing JPA EntityManagerFactory for persistence unit 'default'
""2020-03-23 09:38:24 - HikariPool-1 - Shutdown initiated...
""2020-03-23 09:38:24 - HikariPool-1 - Shutdown completed.
""2020-03-23 09:38:28 - Starting EmployeeManagementSystemApplication on vinayprajapati with PID 11160 (C:\Users\vinayprajapati\eclipse-workspace\EmployeeManagementSystem\target\classes started by vinayprajapati in C:\Users\vinayprajapati\eclipse-workspace\EmployeeManagementSystem)
""2020-03-23 09:38:28 - No active profile set, falling back to default profiles: default
""2020-03-23 09:38:28 - Multiple Spring Data modules found, entering strict repository configuration mode!
""2020-03-23 09:38:28 - Bootstrapping Spring Data JPA repositories in DEFAULT mode.
""2020-03-23 09:38:28 - Finished Spring Data repository scanning in 66ms. Found 1 JPA repository interfaces.
""2020-03-23 09:38:28 - Multiple Spring Data modules found, entering strict repository configuration mode!
""2020-03-23 09:38:28 - Bootstrapping Spring Data LDAP repositories in DEFAULT mode.
""2020-03-23 09:38:28 - Spring Data LDAP - Could not safely identify store assignment for repository candidate interface com.apiconsumer.repository.UserRepository. If you want this repository to be a LDAP repository, consider annotating your entities with one of these annotations: org.springframework.ldap.odm.annotations.Entry (preferred), or consider extending one of the following types with your repository: org.springframework.data.ldap.repository.LdapRepository.
""2020-03-23 09:38:28 - Finished Spring Data repository scanning in 6ms. Found 0 LDAP repository interfaces.
""2020-03-23 09:38:29 - Tomcat initialized with port(s): 5050 (http)
""2020-03-23 09:38:29 - Starting service [Tomcat]
""2020-03-23 09:38:29 - Starting Servlet engine: [Apache Tomcat/9.0.31]
""2020-03-23 09:38:29 - At least one JAR was scanned for TLDs yet contained no TLDs. Enable debug logging for this logger for a complete list of JARs that were scanned but no TLDs were found in them. Skipping unneeded JARs during scanning can improve startup time and JSP compilation time.
""2020-03-23 09:38:29 - Initializing Spring embedded WebApplicationContext
""2020-03-23 09:38:29 - Root WebApplicationContext: initialization completed in 1549 ms
""2020-03-23 09:38:29 - Property 'userDn' not set - anonymous context will be used for read-write operations
""2020-03-23 09:38:29 - HHH000204: Processing PersistenceUnitInfo [name: default]
""2020-03-23 09:38:30 - HHH000412: Hibernate ORM core version 5.4.12.Final
""2020-03-23 09:38:30 - HCANN000001: Hibernate Commons Annotations {5.1.0.Final}
""2020-03-23 09:38:30 - HikariPool-1 - Starting...
""2020-03-23 09:38:30 - HikariPool-1 - Start completed.
""2020-03-23 09:38:30 - HHH000400: Using dialect: org.hibernate.dialect.MySQL5InnoDBDialect
""2020-03-23 09:38:30 - HHH000490: Using JtaPlatform implementation: [org.hibernate.engine.transaction.jta.platform.internal.NoJtaPlatform]
""2020-03-23 09:38:30 - Initialized JPA EntityManagerFactory for persistence unit 'default'
""2020-03-23 09:38:31 - Creating filter chain: any request, [org.springframework.security.web.context.request.async.WebAsyncManagerIntegrationFilter@74f4a2ba, org.springframework.security.web.context.SecurityContextPersistenceFilter@3f3c8b60, org.springframework.security.web.header.HeaderWriterFilter@2120bed, org.springframework.security.web.authentication.logout.LogoutFilter@305552d6, org.springframework.security.web.authentication.UsernamePasswordAuthenticationFilter@1ac0cdb0, org.springframework.security.web.savedrequest.RequestCacheAwareFilter@3f357c9d, org.springframework.security.web.servletapi.SecurityContextHolderAwareRequestFilter@5dfd31f4, org.springframework.security.web.authentication.AnonymousAuthenticationFilter@5e385b6f, org.springframework.security.web.session.SessionManagementFilter@743bb39a, org.springframework.security.web.access.ExceptionTranslationFilter@44ccd75c, org.springframework.security.web.access.intercept.FilterSecurityInterceptor@c758a2d]
""2020-03-23 09:38:31 - Initializing ExecutorService 'applicationTaskExecutor'
""2020-03-23 09:38:31 - Exposing 2 endpoint(s) beneath base path '/actuator'
""2020-03-23 09:38:31 - Tomcat started on port(s): 5050 (http) with context path ''
""2020-03-23 09:38:31 - Started EmployeeManagementSystemApplication in 4.064 seconds (JVM running for 4.828)
""2020-03-23 09:38:33 - Initializing Spring DispatcherServlet 'dispatcherServlet'
""2020-03-23 09:38:33 - Initializing Servlet 'dispatcherServlet'
""2020-03-23 09:38:33 - Completed initialization in 6 ms
""2020-03-23 09:40:20 - Application shutdown requested.
""2020-03-23 09:40:20 - Shutting down ExecutorService 'applicationTaskExecutor'
""2020-03-23 09:40:20 - Closing JPA EntityManagerFactory for persistence unit 'default'
""2020-03-23 09:40:20 - HikariPool-1 - Shutdown initiated...
""2020-03-23 09:40:20 - HikariPool-1 - Shutdown completed.
""2020-03-23 09:40:24 - Starting EmployeeManagementSystemApplication on vinayprajapati with PID 26300 (C:\Users\vinayprajapati\eclipse-workspace\EmployeeManagementSystem\target\classes started by vinayprajapati in C:\Users\vinayprajapati\eclipse-workspace\EmployeeManagementSystem)
""2020-03-23 09:40:24 - No active profile set, falling back to default profiles: default
""2020-03-23 09:40:25 - Multiple Spring Data modules found, entering strict repository configuration mode!
""2020-03-23 09:40:25 - Bootstrapping Spring Data JPA repositories in DEFAULT mode.
""2020-03-23 09:40:25 - Finished Spring Data repository scanning in 49ms. Found 1 JPA repository interfaces.
""2020-03-23 09:40:25 - Multiple Spring Data modules found, entering strict repository configuration mode!
""2020-03-23 09:40:25 - Bootstrapping Spring Data LDAP repositories in DEFAULT mode.
""2020-03-23 09:40:25 - Spring Data LDAP - Could not safely identify store assignment for repository candidate interface com.apiconsumer.repository.UserRepository. If you want this repository to be a LDAP repository, consider annotating your entities with one of these annotations: org.springframework.ldap.odm.annotations.Entry (preferred), or consider extending one of the following types with your repository: org.springframework.data.ldap.repository.LdapRepository.
""2020-03-23 09:40:25 - Finished Spring Data repository scanning in 6ms. Found 0 LDAP repository interfaces.
""2020-03-23 09:40:25 - Tomcat initialized with port(s): 5050 (http)
""2020-03-23 09:40:25 - Starting service [Tomcat]
""2020-03-23 09:40:25 - Starting Servlet engine: [Apache Tomcat/9.0.31]
""2020-03-23 09:40:26 - At least one JAR was scanned for TLDs yet contained no TLDs. Enable debug logging for this logger for a complete list of JARs that were scanned but no TLDs were found in them. Skipping unneeded JARs during scanning can improve startup time and JSP compilation time.
""2020-03-23 09:40:26 - Initializing Spring embedded WebApplicationContext
""2020-03-23 09:40:26 - Root WebApplicationContext: initialization completed in 1721 ms
""2020-03-23 09:40:26 - Property 'userDn' not set - anonymous context will be used for read-write operations
""2020-03-23 09:40:26 - HHH000204: Processing PersistenceUnitInfo [name: default]
""2020-03-23 09:40:26 - HHH000412: Hibernate ORM core version 5.4.12.Final
""2020-03-23 09:40:26 - HCANN000001: Hibernate Commons Annotations {5.1.0.Final}
""2020-03-23 09:40:26 - HikariPool-1 - Starting...
""2020-03-23 09:40:26 - HikariPool-1 - Start completed.
""2020-03-23 09:40:26 - HHH000400: Using dialect: org.hibernate.dialect.MySQL5InnoDBDialect
""2020-03-23 09:40:27 - HHH000490: Using JtaPlatform implementation: [org.hibernate.engine.transaction.jta.platform.internal.NoJtaPlatform]
""2020-03-23 09:40:27 - Initialized JPA EntityManagerFactory for persistence unit 'default'
""2020-03-23 09:40:27 - Creating filter chain: any request, [org.springframework.security.web.context.request.async.WebAsyncManagerIntegrationFilter@22fb9a2c, org.springframework.security.web.context.SecurityContextPersistenceFilter@6fd1ea75, org.springframework.security.web.header.HeaderWriterFilter@2c8a445b, org.springframework.security.web.authentication.logout.LogoutFilter@590013c7, org.springframework.security.web.authentication.UsernamePasswordAuthenticationFilter@2e2b9f53, org.springframework.security.web.savedrequest.RequestCacheAwareFilter@3ea48c37, org.springframework.security.web.servletapi.SecurityContextHolderAwareRequestFilter@aca2fc3, org.springframework.security.web.authentication.AnonymousAuthenticationFilter@2084e65a, org.springframework.security.web.session.SessionManagementFilter@37b1149b, org.springframework.security.web.access.ExceptionTranslationFilter@11d2714a, org.springframework.security.web.access.intercept.FilterSecurityInterceptor@351e89fc]
""2020-03-23 09:40:28 - Initializing ExecutorService 'applicationTaskExecutor'
""2020-03-23 09:40:28 - Exposing 2 endpoint(s) beneath base path '/actuator'
""2020-03-23 09:40:28 - Tomcat started on port(s): 5050 (http) with context path ''
""2020-03-23 09:40:28 - Started EmployeeManagementSystemApplication in 4.363 seconds (JVM running for 5.094)
""2020-03-23 09:40:31 - Initializing Spring DispatcherServlet 'dispatcherServlet'
""2020-03-23 09:40:31 - Initializing Servlet 'dispatcherServlet'
""2020-03-23 09:40:31 - Completed initialization in 5 ms
""2020-03-23 09:44:51 - HikariPool-1 - Thread starvation or clock leap detected (housekeeper delta=4m24s361ms284µs).
""2020-03-23 09:46:39 - Application shutdown requested.
""2020-03-23 09:46:39 - Shutting down ExecutorService 'applicationTaskExecutor'
""2020-03-23 09:46:39 - Closing JPA EntityManagerFactory for persistence unit 'default'
""2020-03-23 09:46:39 - HikariPool-1 - Shutdown initiated...
""2020-03-23 09:46:39 - HikariPool-1 - Shutdown completed.
""2020-03-23 09:46:43 - Starting EmployeeManagementSystemApplication on vinayprajapati with PID 5308 (C:\Users\vinayprajapati\eclipse-workspace\EmployeeManagementSystem\target\classes started by vinayprajapati in C:\Users\vinayprajapati\eclipse-workspace\EmployeeManagementSystem)
""2020-03-23 09:46:43 - No active profile set, falling back to default profiles: default
""2020-03-23 09:46:44 - Multiple Spring Data modules found, entering strict repository configuration mode!
""2020-03-23 09:46:44 - Bootstrapping Spring Data JPA repositories in DEFAULT mode.
""2020-03-23 09:46:44 - Finished Spring Data repository scanning in 74ms. Found 1 JPA repository interfaces.
""2020-03-23 09:46:44 - Multiple Spring Data modules found, entering strict repository configuration mode!
""2020-03-23 09:46:44 - Bootstrapping Spring Data LDAP repositories in DEFAULT mode.
""2020-03-23 09:46:44 - Spring Data LDAP - Could not safely identify store assignment for repository candidate interface com.apiconsumer.repository.UserRepository. If you want this repository to be a LDAP repository, consider annotating your entities with one of these annotations: org.springframework.ldap.odm.annotations.Entry (preferred), or consider extending one of the following types with your repository: org.springframework.data.ldap.repository.LdapRepository.
""2020-03-23 09:46:44 - Finished Spring Data repository scanning in 10ms. Found 0 LDAP repository interfaces.
""2020-03-23 09:46:45 - Tomcat initialized with port(s): 5050 (http)
""2020-03-23 09:46:45 - Starting service [Tomcat]
""2020-03-23 09:46:45 - Starting Servlet engine: [Apache Tomcat/9.0.31]
""2020-03-23 09:46:45 - At least one JAR was scanned for TLDs yet contained no TLDs. Enable debug logging for this logger for a complete list of JARs that were scanned but no TLDs were found in them. Skipping unneeded JARs during scanning can improve startup time and JSP compilation time.
""2020-03-23 09:46:45 - Initializing Spring embedded WebApplicationContext
""2020-03-23 09:46:45 - Root WebApplicationContext: initialization completed in 1889 ms
""2020-03-23 09:46:45 - Property 'userDn' not set - anonymous context will be used for read-write operations
""2020-03-23 09:46:45 - HHH000204: Processing PersistenceUnitInfo [name: default]
""2020-03-23 09:46:45 - HHH000412: Hibernate ORM core version 5.4.12.Final
""2020-03-23 09:46:45 - HCANN000001: Hibernate Commons Annotations {5.1.0.Final}
""2020-03-23 09:46:45 - HikariPool-1 - Starting...
""2020-03-23 09:46:46 - HikariPool-1 - Start completed.
""2020-03-23 09:46:46 - HHH000400: Using dialect: org.hibernate.dialect.MySQL5InnoDBDialect
""2020-03-23 09:46:46 - HHH000490: Using JtaPlatform implementation: [org.hibernate.engine.transaction.jta.platform.internal.NoJtaPlatform]
""2020-03-23 09:46:46 - Initialized JPA EntityManagerFactory for persistence unit 'default'
""2020-03-23 09:46:47 - Creating filter chain: any request, [org.springframework.security.web.context.request.async.WebAsyncManagerIntegrationFilter@388f1258, org.springframework.security.web.context.SecurityContextPersistenceFilter@729cd862, org.springframework.security.web.header.HeaderWriterFilter@54f2df29, org.springframework.security.web.authentication.logout.LogoutFilter@3a5e2525, org.springframework.security.web.authentication.UsernamePasswordAuthenticationFilter@710ae6a7, org.springframework.security.web.savedrequest.RequestCacheAwareFilter@568f4faa, org.springframework.security.web.servletapi.SecurityContextHolderAwareRequestFilter@643f6179, org.springframework.security.web.authentication.AnonymousAuthenticationFilter@62058742, org.springframework.security.web.session.SessionManagementFilter@655203e3, org.springframework.security.web.access.ExceptionTranslationFilter@577bfadb, org.springframework.security.web.access.intercept.FilterSecurityInterceptor@2c8a445b]
""2020-03-23 09:46:47 - Initializing ExecutorService 'applicationTaskExecutor'
""2020-03-23 09:46:47 - Exposing 2 endpoint(s) beneath base path '/actuator'
""2020-03-23 09:46:47 - Tomcat started on port(s): 5050 (http) with context path ''
""2020-03-23 09:46:47 - Started EmployeeManagementSystemApplication in 4.393 seconds (JVM running for 5.286)
""2020-03-23 09:46:49 - Initializing Spring DispatcherServlet 'dispatcherServlet'
""2020-03-23 09:46:49 - Initializing Servlet 'dispatcherServlet'
""2020-03-23 09:46:49 - Completed initialization in 8 ms
""2020-03-23 09:52:51 - Application shutdown requested.
""2020-03-23 09:52:51 - Shutting down ExecutorService 'applicationTaskExecutor'
""2020-03-23 09:52:51 - Closing JPA EntityManagerFactory for persistence unit 'default'
""2020-03-23 09:52:51 - HikariPool-1 - Shutdown initiated...
""2020-03-23 09:52:51 - HikariPool-1 - Shutdown completed.
""2020-03-23 09:52:56 - Starting EmployeeManagementSystemApplication on vinayprajapati with PID 22712 (C:\Users\vinayprajapati\eclipse-workspace\EmployeeManagementSystem\target\classes started by vinayprajapati in C:\Users\vinayprajapati\eclipse-workspace\EmployeeManagementSystem)
""2020-03-23 09:52:56 - No active profile set, falling back to default profiles: default
""2020-03-23 09:52:58 - Multiple Spring Data modules found, entering strict repository configuration mode!
""2020-03-23 09:52:58 - Bootstrapping Spring Data JPA repositories in DEFAULT mode.
""2020-03-23 09:52:58 - Finished Spring Data repository scanning in 53ms. Found 1 JPA repository interfaces.
""2020-03-23 09:52:58 - Multiple Spring Data modules found, entering strict repository configuration mode!
""2020-03-23 09:52:58 - Bootstrapping Spring Data LDAP repositories in DEFAULT mode.
""2020-03-23 09:52:58 - Spring Data LDAP - Could not safely identify store assignment for repository candidate interface com.apiconsumer.repository.UserRepository. If you want this repository to be a LDAP repository, consider annotating your entities with one of these annotations: org.springframework.ldap.odm.annotations.Entry (preferred), or consider extending one of the following types with your repository: org.springframework.data.ldap.repository.LdapRepository.
""2020-03-23 09:52:58 - Finished Spring Data repository scanning in 6ms. Found 0 LDAP repository interfaces.
""2020-03-23 09:52:58 - Tomcat initialized with port(s): 5050 (http)
""2020-03-23 09:52:58 - Starting service [Tomcat]
""2020-03-23 09:52:58 - Starting Servlet engine: [Apache Tomcat/9.0.31]
""2020-03-23 09:52:58 - At least one JAR was scanned for TLDs yet contained no TLDs. Enable debug logging for this logger for a complete list of JARs that were scanned but no TLDs were found in them. Skipping unneeded JARs during scanning can improve startup time and JSP compilation time.
""2020-03-23 09:52:58 - Initializing Spring embedded WebApplicationContext
""2020-03-23 09:52:58 - Root WebApplicationContext: initialization completed in 2051 ms
""2020-03-23 09:52:59 - Property 'userDn' not set - anonymous context will be used for read-write operations
""2020-03-23 09:52:59 - HHH000204: Processing PersistenceUnitInfo [name: default]
""2020-03-23 09:52:59 - HHH000412: Hibernate ORM core version 5.4.12.Final
""2020-03-23 09:52:59 - HCANN000001: Hibernate Commons Annotations {5.1.0.Final}
""2020-03-23 09:52:59 - HikariPool-1 - Starting...
""2020-03-23 09:52:59 - HikariPool-1 - Start completed.
""2020-03-23 09:52:59 - HHH000400: Using dialect: org.hibernate.dialect.MySQL5InnoDBDialect
""2020-03-23 09:53:00 - HHH000490: Using JtaPlatform implementation: [org.hibernate.engine.transaction.jta.platform.internal.NoJtaPlatform]
""2020-03-23 09:53:00 - Initialized JPA EntityManagerFactory for persistence unit 'default'
""2020-03-23 09:53:00 - Creating filter chain: any request, [org.springframework.security.web.context.request.async.WebAsyncManagerIntegrationFilter@4d25f816, org.springframework.security.web.context.SecurityContextPersistenceFilter@2774dcf4, org.springframework.security.web.header.HeaderWriterFilter@589dfa6f, org.springframework.security.web.authentication.logout.LogoutFilter@dd737ea, org.springframework.security.web.authentication.UsernamePasswordAuthenticationFilter@62058742, org.springframework.security.web.savedrequest.RequestCacheAwareFilter@7c5f29c6, org.springframework.security.web.servletapi.SecurityContextHolderAwareRequestFilter@510da778, org.springframework.security.web.authentication.AnonymousAuthenticationFilter@6c6c2a73, org.springframework.security.web.session.SessionManagementFilter@6f8667bb, org.springframework.security.web.access.ExceptionTranslationFilter@568f4faa, org.springframework.security.web.access.intercept.FilterSecurityInterceptor@710ae6a7]
""2020-03-23 09:53:00 - Initializing ExecutorService 'applicationTaskExecutor'
""2020-03-23 09:53:01 - Exposing 2 endpoint(s) beneath base path '/actuator'
""2020-03-23 09:53:01 - Tomcat started on port(s): 5050 (http) with context path ''
""2020-03-23 09:53:01 - Started EmployeeManagementSystemApplication in 5.108 seconds (JVM running for 6.606)
""2020-03-23 09:53:02 - Initializing Spring DispatcherServlet 'dispatcherServlet'
""2020-03-23 09:53:02 - Initializing Servlet 'dispatcherServlet'
""2020-03-23 09:53:02 - Completed initialization in 6 ms
""2020-03-23 09:54:22 - Application shutdown requested.
""2020-03-23 09:54:22 - Shutting down ExecutorService 'applicationTaskExecutor'
""2020-03-23 09:54:22 - Closing JPA EntityManagerFactory for persistence unit 'default'
""2020-03-23 09:54:22 - HikariPool-1 - Shutdown initiated...
""2020-03-23 09:54:22 - HikariPool-1 - Shutdown completed.
""2020-03-23 09:54:26 - Starting EmployeeManagementSystemApplication on vinayprajapati with PID 14900 (C:\Users\vinayprajapati\eclipse-workspace\EmployeeManagementSystem\target\classes started by vinayprajapati in C:\Users\vinayprajapati\eclipse-workspace\EmployeeManagementSystem)
""2020-03-23 09:54:26 - No active profile set, falling back to default profiles: default
""2020-03-23 09:54:27 - Multiple Spring Data modules found, entering strict repository configuration mode!
""2020-03-23 09:54:27 - Bootstrapping Spring Data JPA repositories in DEFAULT mode.
""2020-03-23 09:54:27 - Finished Spring Data repository scanning in 56ms. Found 1 JPA repository interfaces.
""2020-03-23 09:54:27 - Multiple Spring Data modules found, entering strict repository configuration mode!
""2020-03-23 09:54:27 - Bootstrapping Spring Data LDAP repositories in DEFAULT mode.
""2020-03-23 09:54:27 - Spring Data LDAP - Could not safely identify store assignment for repository candidate interface com.apiconsumer.repository.UserRepository. If you want this repository to be a LDAP repository, consider annotating your entities with one of these annotations: org.springframework.ldap.odm.annotations.Entry (preferred), or consider extending one of the following types with your repository: org.springframework.data.ldap.repository.LdapRepository.
""2020-03-23 09:54:27 - Finished Spring Data repository scanning in 6ms. Found 0 LDAP repository interfaces.
""2020-03-23 09:54:27 - Tomcat initialized with port(s): 5050 (http)
""2020-03-23 09:54:27 - Starting service [Tomcat]
""2020-03-23 09:54:27 - Starting Servlet engine: [Apache Tomcat/9.0.31]
""2020-03-23 09:54:27 - At least one JAR was scanned for TLDs yet contained no TLDs. Enable debug logging for this logger for a complete list of JARs that were scanned but no TLDs were found in them. Skipping unneeded JARs during scanning can improve startup time and JSP compilation time.
""2020-03-23 09:54:27 - Initializing Spring embedded WebApplicationContext
""2020-03-23 09:54:27 - Root WebApplicationContext: initialization completed in 1653 ms
""2020-03-23 09:54:28 - Property 'userDn' not set - anonymous context will be used for read-write operations
""2020-03-23 09:54:28 - HHH000204: Processing PersistenceUnitInfo [name: default]
""2020-03-23 09:54:28 - HHH000412: Hibernate ORM core version 5.4.12.Final
""2020-03-23 09:54:28 - HCANN000001: Hibernate Commons Annotations {5.1.0.Final}
""2020-03-23 09:54:28 - HikariPool-1 - Starting...
""2020-03-23 09:54:28 - HikariPool-1 - Start completed.
""2020-03-23 09:54:28 - HHH000400: Using dialect: org.hibernate.dialect.MySQL5InnoDBDialect
""2020-03-23 09:54:29 - HHH000490: Using JtaPlatform implementation: [org.hibernate.engine.transaction.jta.platform.internal.NoJtaPlatform]
""2020-03-23 09:54:29 - Initialized JPA EntityManagerFactory for persistence unit 'default'
""2020-03-23 09:54:29 - Creating filter chain: any request, [org.springframework.security.web.context.request.async.WebAsyncManagerIntegrationFilter@22fb9a2c, org.springframework.security.web.context.SecurityContextPersistenceFilter@6fd1ea75, org.springframework.security.web.header.HeaderWriterFilter@2c8a445b, org.springframework.security.web.authentication.logout.LogoutFilter@590013c7, org.springframework.security.web.authentication.UsernamePasswordAuthenticationFilter@2e2b9f53, org.springframework.security.web.savedrequest.RequestCacheAwareFilter@3ea48c37, org.springframework.security.web.servletapi.SecurityContextHolderAwareRequestFilter@aca2fc3, org.springframework.security.web.authentication.AnonymousAuthenticationFilter@2084e65a, org.springframework.security.web.session.SessionManagementFilter@37b1149b, org.springframework.security.web.access.ExceptionTranslationFilter@11d2714a, org.springframework.security.web.access.intercept.FilterSecurityInterceptor@351e89fc]
""2020-03-23 09:54:29 - Initializing ExecutorService 'applicationTaskExecutor'
""2020-03-23 09:54:30 - Exposing 2 endpoint(s) beneath base path '/actuator'
""2020-03-23 09:54:30 - Tomcat started on port(s): 5050 (http) with context path ''
""2020-03-23 09:54:30 - Started EmployeeManagementSystemApplication in 4.17 seconds (JVM running for 4.886)
""2020-03-23 09:54:32 - Initializing Spring DispatcherServlet 'dispatcherServlet'
""2020-03-23 09:54:32 - Initializing Servlet 'dispatcherServlet'
""2020-03-23 09:54:32 - Completed initialization in 5 ms
""2020-03-23 09:54:57 - Application shutdown requested.
""2020-03-23 09:54:57 - Shutting down ExecutorService 'applicationTaskExecutor'
""2020-03-23 09:54:57 - Closing JPA EntityManagerFactory for persistence unit 'default'
""2020-03-23 09:54:57 - HikariPool-1 - Shutdown initiated...
""2020-03-23 09:54:57 - HikariPool-1 - Shutdown completed.
""2020-03-23 09:55:01 - Starting EmployeeManagementSystemApplication on vinayprajapati with PID 25336 (C:\Users\vinayprajapati\eclipse-workspace\EmployeeManagementSystem\target\classes started by vinayprajapati in C:\Users\vinayprajapati\eclipse-workspace\EmployeeManagementSystem)
""2020-03-23 09:55:01 - No active profile set, falling back to default profiles: default
""2020-03-23 09:55:02 - Multiple Spring Data modules found, entering strict repository configuration mode!
""2020-03-23 09:55:02 - Bootstrapping Spring Data JPA repositories in DEFAULT mode.
""2020-03-23 09:55:02 - Finished Spring Data repository scanning in 56ms. Found 1 JPA repository interfaces.
""2020-03-23 09:55:02 - Multiple Spring Data modules found, entering strict repository configuration mode!
""2020-03-23 09:55:02 - Bootstrapping Spring Data LDAP repositories in DEFAULT mode.
""2020-03-23 09:55:02 - Spring Data LDAP - Could not safely identify store assignment for repository candidate interface com.apiconsumer.repository.UserRepository. If you want this repository to be a LDAP repository, consider annotating your entities with one of these annotations: org.springframework.ldap.odm.annotations.Entry (preferred), or consider extending one of the following types with your repository: org.springframework.data.ldap.repository.LdapRepository.
""2020-03-23 09:55:02 - Finished Spring Data repository scanning in 6ms. Found 0 LDAP repository interfaces.
""2020-03-23 09:55:02 - Tomcat initialized with port(s): 5050 (http)
""2020-03-23 09:55:02 - Starting service [Tomcat]
""2020-03-23 09:55:02 - Starting Servlet engine: [Apache Tomcat/9.0.31]
""2020-03-23 09:55:02 - At least one JAR was scanned for TLDs yet contained no TLDs. Enable debug logging for this logger for a complete list of JARs that were scanned but no TLDs were found in them. Skipping unneeded JARs during scanning can improve startup time and JSP compilation time.
""2020-03-23 09:55:02 - Initializing Spring embedded WebApplicationContext
""2020-03-23 09:55:02 - Root WebApplicationContext: initialization completed in 1623 ms
""2020-03-23 09:55:03 - Property 'userDn' not set - anonymous context will be used for read-write operations
""2020-03-23 09:55:03 - HHH000204: Processing PersistenceUnitInfo [name: default]
""2020-03-23 09:55:03 - HHH000412: Hibernate ORM core version 5.4.12.Final
""2020-03-23 09:55:03 - HCANN000001: Hibernate Commons Annotations {5.1.0.Final}
""2020-03-23 09:55:03 - HikariPool-1 - Starting...
""2020-03-23 09:55:03 - HikariPool-1 - Start completed.
""2020-03-23 09:55:03 - HHH000400: Using dialect: org.hibernate.dialect.MySQL5InnoDBDialect
""2020-03-23 09:55:04 - HHH000490: Using JtaPlatform implementation: [org.hibernate.engine.transaction.jta.platform.internal.NoJtaPlatform]
""2020-03-23 09:55:04 - Initialized JPA EntityManagerFactory for persistence unit 'default'
""2020-03-23 09:55:04 - Creating filter chain: any request, [org.springframework.security.web.context.request.async.WebAsyncManagerIntegrationFilter@15586843, org.springframework.security.web.context.SecurityContextPersistenceFilter@5e385b6f, org.springframework.security.web.header.HeaderWriterFilter@4cecc15a, org.springframework.security.web.authentication.logout.LogoutFilter@388f1258, org.springframework.security.web.authentication.UsernamePasswordAuthenticationFilter@2fb082ff, org.springframework.security.web.savedrequest.RequestCacheAwareFilter@45dde6ac, org.springframework.security.web.servletapi.SecurityContextHolderAwareRequestFilter@6fd1ea75, org.springframework.security.web.authentication.AnonymousAuthenticationFilter@4fbb1144, org.springframework.security.web.session.SessionManagementFilter@4d4df0f4, org.springframework.security.web.access.ExceptionTranslationFilter@1682e6a, org.springframework.security.web.access.intercept.FilterSecurityInterceptor@507049f2]
""2020-03-23 09:55:04 - Initializing ExecutorService 'applicationTaskExecutor'
""2020-03-23 09:55:05 - Exposing 2 endpoint(s) beneath base path '/actuator'
""2020-03-23 09:55:05 - Tomcat started on port(s): 5050 (http) with context path ''
""2020-03-23 09:55:05 - Started EmployeeManagementSystemApplication in 4.243 seconds (JVM running for 5.018)
""2020-03-23 09:55:07 - Initializing Spring DispatcherServlet 'dispatcherServlet'
""2020-03-23 09:55:07 - Initializing Servlet 'dispatcherServlet'
""2020-03-23 09:55:07 - Completed initialization in 6 ms
""2020-03-23 09:56:28 - Application shutdown requested.
""2020-03-23 09:56:28 - Shutting down ExecutorService 'applicationTaskExecutor'
""2020-03-23 09:56:28 - Closing JPA EntityManagerFactory for persistence unit 'default'
""2020-03-23 09:56:28 - HikariPool-1 - Shutdown initiated...
""2020-03-23 09:56:28 - HikariPool-1 - Shutdown completed.
""2020-03-23 09:56:32 - Starting EmployeeManagementSystemApplication on vinayprajapati with PID 13064 (C:\Users\vinayprajapati\eclipse-workspace\EmployeeManagementSystem\target\classes started by vinayprajapati in C:\Users\vinayprajapati\eclipse-workspace\EmployeeManagementSystem)
""2020-03-23 09:56:32 - No active profile set, falling back to default profiles: default
""2020-03-23 09:56:33 - Multiple Spring Data modules found, entering strict repository configuration mode!
""2020-03-23 09:56:33 - Bootstrapping Spring Data JPA repositories in DEFAULT mode.
""2020-03-23 09:56:33 - Finished Spring Data repository scanning in 61ms. Found 1 JPA repository interfaces.
""2020-03-23 09:56:33 - Multiple Spring Data modules found, entering strict repository configuration mode!
""2020-03-23 09:56:33 - Bootstrapping Spring Data LDAP repositories in DEFAULT mode.
""2020-03-23 09:56:33 - Spring Data LDAP - Could not safely identify store assignment for repository candidate interface com.apiconsumer.repository.UserRepository. If you want this repository to be a LDAP repository, consider annotating your entities with one of these annotations: org.springframework.ldap.odm.annotations.Entry (preferred), or consider extending one of the following types with your repository: org.springframework.data.ldap.repository.LdapRepository.
""2020-03-23 09:56:33 - Finished Spring Data repository scanning in 7ms. Found 0 LDAP repository interfaces.
""2020-03-23 09:56:34 - Tomcat initialized with port(s): 5050 (http)
""2020-03-23 09:56:34 - Starting service [Tomcat]
""2020-03-23 09:56:34 - Starting Servlet engine: [Apache Tomcat/9.0.31]
""2020-03-23 09:56:34 - At least one JAR was scanned for TLDs yet contained no TLDs. Enable debug logging for this logger for a complete list of JARs that were scanned but no TLDs were found in them. Skipping unneeded JARs during scanning can improve startup time and JSP compilation time.
""2020-03-23 09:56:34 - Initializing Spring embedded WebApplicationContext
""2020-03-23 09:56:34 - Root WebApplicationContext: initialization completed in 1593 ms
""2020-03-23 09:56:34 - Property 'userDn' not set - anonymous context will be used for read-write operations
""2020-03-23 09:56:34 - HHH000204: Processing PersistenceUnitInfo [name: default]
""2020-03-23 09:56:34 - HHH000412: Hibernate ORM core version 5.4.12.Final
""2020-03-23 09:56:35 - HCANN000001: Hibernate Commons Annotations {5.1.0.Final}
""2020-03-23 09:56:35 - HikariPool-1 - Starting...
""2020-03-23 09:56:35 - HikariPool-1 - Start completed.
""2020-03-23 09:56:35 - HHH000400: Using dialect: org.hibernate.dialect.MySQL5InnoDBDialect
""2020-03-23 09:56:35 - HHH000490: Using JtaPlatform implementation: [org.hibernate.engine.transaction.jta.platform.internal.NoJtaPlatform]
""2020-03-23 09:56:35 - Initialized JPA EntityManagerFactory for persistence unit 'default'
""2020-03-23 09:56:36 - Creating filter chain: any request, [org.springframework.security.web.context.request.async.WebAsyncManagerIntegrationFilter@6a4af081, org.springframework.security.web.context.SecurityContextPersistenceFilter@7c5f29c6, org.springframework.security.web.header.HeaderWriterFilter@6f8667bb, org.springframework.security.web.authentication.logout.LogoutFilter@2a0963be, org.springframework.security.web.authentication.UsernamePasswordAuthenticationFilter@36df4c26, org.springframework.security.web.savedrequest.RequestCacheAwareFilter@5280688, org.springframework.security.web.servletapi.SecurityContextHolderAwareRequestFilter@54567b05, org.springframework.security.web.authentication.AnonymousAuthenticationFilter@36b53f08, org.springframework.security.web.session.SessionManagementFilter@2774dcf4, org.springframework.security.web.access.ExceptionTranslationFilter@589dfa6f, org.springframework.security.web.access.intercept.FilterSecurityInterceptor@18026052]
""2020-03-23 09:56:36 - Initializing ExecutorService 'applicationTaskExecutor'
""2020-03-23 09:56:36 - Exposing 2 endpoint(s) beneath base path '/actuator'
""2020-03-23 09:56:36 - Tomcat started on port(s): 5050 (http) with context path ''
""2020-03-23 09:56:36 - Started EmployeeManagementSystemApplication in 4.349 seconds (JVM running for 5.23)
""2020-03-23 09:56:37 - Initializing Spring DispatcherServlet 'dispatcherServlet'
""2020-03-23 09:56:37 - Initializing Servlet 'dispatcherServlet'
""2020-03-23 09:56:37 - Completed initialization in 9 ms
""2020-03-23 09:57:47 - Application shutdown requested.
""2020-03-23 09:57:47 - Shutting down ExecutorService 'applicationTaskExecutor'
""2020-03-23 09:57:47 - Closing JPA EntityManagerFactory for persistence unit 'default'
""2020-03-23 09:57:47 - HikariPool-1 - Shutdown initiated...
""2020-03-23 09:57:47 - HikariPool-1 - Shutdown completed.
""2020-03-23 09:57:51 - Starting EmployeeManagementSystemApplication on vinayprajapati with PID 12268 (C:\Users\vinayprajapati\eclipse-workspace\EmployeeManagementSystem\target\classes started by vinayprajapati in C:\Users\vinayprajapati\eclipse-workspace\EmployeeManagementSystem)
""2020-03-23 09:57:51 - No active profile set, falling back to default profiles: default
""2020-03-23 09:57:53 - Multiple Spring Data modules found, entering strict repository configuration mode!
""2020-03-23 09:57:53 - Bootstrapping Spring Data JPA repositories in DEFAULT mode.
""2020-03-23 09:57:53 - Finished Spring Data repository scanning in 106ms. Found 1 JPA repository interfaces.
""2020-03-23 09:57:53 - Multiple Spring Data modules found, entering strict repository configuration mode!
""2020-03-23 09:57:53 - Bootstrapping Spring Data LDAP repositories in DEFAULT mode.
""2020-03-23 09:57:53 - Spring Data LDAP - Could not safely identify store assignment for repository candidate interface com.apiconsumer.repository.UserRepository. If you want this repository to be a LDAP repository, consider annotating your entities with one of these annotations: org.springframework.ldap.odm.annotations.Entry (preferred), or consider extending one of the following types with your repository: org.springframework.data.ldap.repository.LdapRepository.
""2020-03-23 09:57:53 - Finished Spring Data repository scanning in 22ms. Found 0 LDAP repository interfaces.
""2020-03-23 09:57:54 - Tomcat initialized with port(s): 5050 (http)
""2020-03-23 09:57:54 - Starting service [Tomcat]
""2020-03-23 09:57:54 - Starting Servlet engine: [Apache Tomcat/9.0.31]
""2020-03-23 09:57:54 - At least one JAR was scanned for TLDs yet contained no TLDs. Enable debug logging for this logger for a complete list of JARs that were scanned but no TLDs were found in them. Skipping unneeded JARs during scanning can improve startup time and JSP compilation time.
""2020-03-23 09:57:54 - Initializing Spring embedded WebApplicationContext
""2020-03-23 09:57:54 - Root WebApplicationContext: initialization completed in 2997 ms
""2020-03-23 09:57:55 - Property 'userDn' not set - anonymous context will be used for read-write operations
""2020-03-23 09:57:55 - HHH000204: Processing PersistenceUnitInfo [name: default]
""2020-03-23 09:57:55 - HHH000412: Hibernate ORM core version 5.4.12.Final
""2020-03-23 09:57:56 - HCANN000001: Hibernate Commons Annotations {5.1.0.Final}
""2020-03-23 09:57:56 - HikariPool-1 - Starting...
""2020-03-23 09:57:56 - HikariPool-1 - Start completed.
""2020-03-23 09:57:56 - HHH000400: Using dialect: org.hibernate.dialect.MySQL5InnoDBDialect
""2020-03-23 09:57:57 - HHH000490: Using JtaPlatform implementation: [org.hibernate.engine.transaction.jta.platform.internal.NoJtaPlatform]
""2020-03-23 09:57:57 - Initialized JPA EntityManagerFactory for persistence unit 'default'
""2020-03-23 09:57:58 - Creating filter chain: any request, [org.springframework.security.web.context.request.async.WebAsyncManagerIntegrationFilter@7b7068d8, org.springframework.security.web.context.SecurityContextPersistenceFilter@25d911a, org.springframework.security.web.header.HeaderWriterFilter@18e4551, org.springframework.security.web.authentication.logout.LogoutFilter@1fcaea93, org.springframework.security.web.authentication.UsernamePasswordAuthenticationFilter@8b670c0, org.springframework.security.web.savedrequest.RequestCacheAwareFilter@489f62a3, org.springframework.security.web.servletapi.SecurityContextHolderAwareRequestFilter@2fee69a1, org.springframework.security.web.authentication.AnonymousAuthenticationFilter@1d8e9d3e, org.springframework.security.web.session.SessionManagementFilter@11e834ad, org.springframework.security.web.access.ExceptionTranslationFilter@1187dc82, org.springframework.security.web.access.intercept.FilterSecurityInterceptor@38bc5ac0]
""2020-03-23 09:57:58 - Initializing ExecutorService 'applicationTaskExecutor'
""2020-03-23 09:57:59 - Exposing 2 endpoint(s) beneath base path '/actuator'
""2020-03-23 09:57:59 - Tomcat started on port(s): 5050 (http) with context path ''
""2020-03-23 09:57:59 - Started EmployeeManagementSystemApplication in 7.975 seconds (JVM running for 9.13)
""2020-03-23 09:58:00 - Initializing Spring DispatcherServlet 'dispatcherServlet'
""2020-03-23 09:58:00 - Initializing Servlet 'dispatcherServlet'
""2020-03-23 09:58:00 - Completed initialization in 11 ms
""2020-03-23 10:29:57 - HikariPool-1 - Thread starvation or clock leap detected (housekeeper delta=29m31s547ms106µs600ns).
""2020-03-23 10:37:34 - Application shutdown requested.
""2020-03-23 10:37:34 - Shutting down ExecutorService 'applicationTaskExecutor'
""2020-03-23 10:37:34 - Closing JPA EntityManagerFactory for persistence unit 'default'
""2020-03-23 10:37:34 - HikariPool-1 - Shutdown initiated...
""2020-03-23 10:37:34 - HikariPool-1 - Shutdown completed.
""2020-03-23 10:37:38 - Starting EmployeeManagementSystemApplication on vinayprajapati with PID 13728 (C:\Users\vinayprajapati\eclipse-workspace\EmployeeManagementSystem\target\classes started by vinayprajapati in C:\Users\vinayprajapati\eclipse-workspace\EmployeeManagementSystem)
""2020-03-23 10:37:38 - No active profile set, falling back to default profiles: default
""2020-03-23 10:37:39 - Multiple Spring Data modules found, entering strict repository configuration mode!
""2020-03-23 10:37:39 - Bootstrapping Spring Data JPA repositories in DEFAULT mode.
""2020-03-23 10:37:39 - Finished Spring Data repository scanning in 54ms. Found 1 JPA repository interfaces.
""2020-03-23 10:37:39 - Multiple Spring Data modules found, entering strict repository configuration mode!
""2020-03-23 10:37:39 - Bootstrapping Spring Data LDAP repositories in DEFAULT mode.
""2020-03-23 10:37:39 - Spring Data LDAP - Could not safely identify store assignment for repository candidate interface com.apiconsumer.repository.UserRepository. If you want this repository to be a LDAP repository, consider annotating your entities with one of these annotations: org.springframework.ldap.odm.annotations.Entry (preferred), or consider extending one of the following types with your repository: org.springframework.data.ldap.repository.LdapRepository.
""2020-03-23 10:37:39 - Finished Spring Data repository scanning in 7ms. Found 0 LDAP repository interfaces.
""2020-03-23 10:37:39 - Tomcat initialized with port(s): 5050 (http)
""2020-03-23 10:37:39 - Starting service [Tomcat]
""2020-03-23 10:37:39 - Starting Servlet engine: [Apache Tomcat/9.0.31]
""2020-03-23 10:37:40 - At least one JAR was scanned for TLDs yet contained no TLDs. Enable debug logging for this logger for a complete list of JARs that were scanned but no TLDs were found in them. Skipping unneeded JARs during scanning can improve startup time and JSP compilation time.
""2020-03-23 10:37:40 - Initializing Spring embedded WebApplicationContext
""2020-03-23 10:37:40 - Root WebApplicationContext: initialization completed in 1559 ms
""2020-03-23 10:37:40 - Property 'userDn' not set - anonymous context will be used for read-write operations
""2020-03-23 10:37:40 - HHH000204: Processing PersistenceUnitInfo [name: default]
""2020-03-23 10:37:40 - HHH000412: Hibernate ORM core version 5.4.12.Final
""2020-03-23 10:37:40 - HCANN000001: Hibernate Commons Annotations {5.1.0.Final}
""2020-03-23 10:37:40 - HikariPool-1 - Starting...
""2020-03-23 10:37:40 - HikariPool-1 - Start completed.
""2020-03-23 10:37:40 - HHH000400: Using dialect: org.hibernate.dialect.MySQL5InnoDBDialect
""2020-03-23 10:37:41 - HHH000490: Using JtaPlatform implementation: [org.hibernate.engine.transaction.jta.platform.internal.NoJtaPlatform]
""2020-03-23 10:37:41 - Initialized JPA EntityManagerFactory for persistence unit 'default'
""2020-03-23 10:37:41 - Creating filter chain: any request, [org.springframework.security.web.context.request.async.WebAsyncManagerIntegrationFilter@6fd1ea75, org.springframework.security.web.context.SecurityContextPersistenceFilter@36463b09, org.springframework.security.web.header.HeaderWriterFilter@99c4993, org.springframework.security.web.authentication.logout.LogoutFilter@643f6179, org.springframework.security.web.authentication.UsernamePasswordAuthenticationFilter@6e2eead5, org.springframework.security.web.savedrequest.RequestCacheAwareFilter@57e4b86c, org.springframework.security.web.servletapi.SecurityContextHolderAwareRequestFilter@568f4faa, org.springframework.security.web.authentication.AnonymousAuthenticationFilter@18e4551, org.springframework.security.web.session.SessionManagementFilter@9729a97, org.springframework.security.web.access.ExceptionTranslationFilter@37d0d373, org.springframework.security.web.access.intercept.FilterSecurityInterceptor@4d4df0f4]
""2020-03-23 10:37:41 - Initializing ExecutorService 'applicationTaskExecutor'
""2020-03-23 10:37:42 - Exposing 2 endpoint(s) beneath base path '/actuator'
""2020-03-23 10:37:42 - Tomcat started on port(s): 5050 (http) with context path ''
""2020-03-23 10:37:42 - Started EmployeeManagementSystemApplication in 3.918 seconds (JVM running for 4.659)
""2020-03-23 10:37:42 - Initializing Spring DispatcherServlet 'dispatcherServlet'
""2020-03-23 10:37:42 - Initializing Servlet 'dispatcherServlet'
""2020-03-23 10:37:42 - Completed initialization in 5 ms
""2020-03-23 10:38:01 - Application shutdown requested.
""2020-03-23 10:38:01 - Shutting down ExecutorService 'applicationTaskExecutor'
""2020-03-23 10:38:01 - Closing JPA EntityManagerFactory for persistence unit 'default'
""2020-03-23 10:38:01 - HikariPool-1 - Shutdown initiated...
""2020-03-23 10:38:01 - HikariPool-1 - Shutdown completed.
""2020-03-23 10:38:05 - Starting EmployeeManagementSystemApplication on vinayprajapati with PID 21484 (C:\Users\vinayprajapati\eclipse-workspace\EmployeeManagementSystem\target\classes started by vinayprajapati in C:\Users\vinayprajapati\eclipse-workspace\EmployeeManagementSystem)
""2020-03-23 10:38:05 - No active profile set, falling back to default profiles: default
""2020-03-23 10:38:06 - Multiple Spring Data modules found, entering strict repository configuration mode!
""2020-03-23 10:38:06 - Bootstrapping Spring Data JPA repositories in DEFAULT mode.
""2020-03-23 10:38:06 - Finished Spring Data repository scanning in 50ms. Found 1 JPA repository interfaces.
""2020-03-23 10:38:06 - Multiple Spring Data modules found, entering strict repository configuration mode!
""2020-03-23 10:38:06 - Bootstrapping Spring Data LDAP repositories in DEFAULT mode.
""2020-03-23 10:38:06 - Spring Data LDAP - Could not safely identify store assignment for repository candidate interface com.apiconsumer.repository.UserRepository. If you want this repository to be a LDAP repository, consider annotating your entities with one of these annotations: org.springframework.ldap.odm.annotations.Entry (preferred), or consider extending one of the following types with your repository: org.springframework.data.ldap.repository.LdapRepository.
""2020-03-23 10:38:06 - Finished Spring Data repository scanning in 6ms. Found 0 LDAP repository interfaces.
""2020-03-23 10:38:07 - Tomcat initialized with port(s): 5050 (http)
""2020-03-23 10:38:07 - Starting service [Tomcat]
""2020-03-23 10:38:07 - Starting Servlet engine: [Apache Tomcat/9.0.31]
""2020-03-23 10:38:07 - At least one JAR was scanned for TLDs yet contained no TLDs. Enable debug logging for this logger for a complete list of JARs that were scanned but no TLDs were found in them. Skipping unneeded JARs during scanning can improve startup time and JSP compilation time.
""2020-03-23 10:38:07 - Initializing Spring embedded WebApplicationContext
""2020-03-23 10:38:07 - Root WebApplicationContext: initialization completed in 1483 ms
""2020-03-23 10:38:07 - Property 'userDn' not set - anonymous context will be used for read-write operations
""2020-03-23 10:38:07 - HHH000204: Processing PersistenceUnitInfo [name: default]
""2020-03-23 10:38:07 - HHH000412: Hibernate ORM core version 5.4.12.Final
""2020-03-23 10:38:07 - HCANN000001: Hibernate Commons Annotations {5.1.0.Final}
""2020-03-23 10:38:08 - HikariPool-1 - Starting...
""2020-03-23 10:38:08 - HikariPool-1 - Start completed.
""2020-03-23 10:38:08 - HHH000400: Using dialect: org.hibernate.dialect.MySQL5InnoDBDialect
""2020-03-23 10:38:08 - HHH000490: Using JtaPlatform implementation: [org.hibernate.engine.transaction.jta.platform.internal.NoJtaPlatform]
""2020-03-23 10:38:08 - Initialized JPA EntityManagerFactory for persistence unit 'default'
""2020-03-23 10:38:09 - Creating filter chain: any request, [org.springframework.security.web.context.request.async.WebAsyncManagerIntegrationFilter@ba4f370, org.springframework.security.web.context.SecurityContextPersistenceFilter@2bb717d7, org.springframework.security.web.header.HeaderWriterFilter@64c8fcfb, org.springframework.security.web.authentication.logout.LogoutFilter@9729a97, org.springframework.security.web.authentication.UsernamePasswordAuthenticationFilter@6d421fe, org.springframework.security.web.savedrequest.RequestCacheAwareFilter@6121a7dd, org.springframework.security.web.servletapi.SecurityContextHolderAwareRequestFilter@16bbaab3, org.springframework.security.web.authentication.AnonymousAuthenticationFilter@2ba024cb, org.springframework.security.web.session.SessionManagementFilter@19105a87, org.springframework.security.web.access.ExceptionTranslationFilter@21733cbe, org.springframework.security.web.access.intercept.FilterSecurityInterceptor@69ffdaa8]
""2020-03-23 10:38:09 - Initializing ExecutorService 'applicationTaskExecutor'
""2020-03-23 10:38:09 - Exposing 2 endpoint(s) beneath base path '/actuator'
""2020-03-23 10:38:09 - Tomcat started on port(s): 5050 (http) with context path ''
""2020-03-23 10:38:09 - Started EmployeeManagementSystemApplication in 3.834 seconds (JVM running for 4.634)
""2020-03-23 10:38:10 - Initializing Spring DispatcherServlet 'dispatcherServlet'
""2020-03-23 10:38:10 - Initializing Servlet 'dispatcherServlet'
""2020-03-23 10:38:10 - Completed initialization in 6 ms
""2020-03-23 10:41:55 - Application shutdown requested.
""2020-03-23 10:41:55 - Shutting down ExecutorService 'applicationTaskExecutor'
""2020-03-23 10:41:55 - Closing JPA EntityManagerFactory for persistence unit 'default'
""2020-03-23 10:41:55 - HikariPool-1 - Shutdown initiated...
""2020-03-23 10:41:56 - HikariPool-1 - Shutdown completed.
""2020-03-23 10:42:00 - Starting EmployeeManagementSystemApplication on vinayprajapati with PID 11992 (C:\Users\vinayprajapati\eclipse-workspace\EmployeeManagementSystem\target\classes started by vinayprajapati in C:\Users\vinayprajapati\eclipse-workspace\EmployeeManagementSystem)
""2020-03-23 10:42:00 - No active profile set, falling back to default profiles: default
""2020-03-23 10:42:01 - Multiple Spring Data modules found, entering strict repository configuration mode!
""2020-03-23 10:42:01 - Bootstrapping Spring Data JPA repositories in DEFAULT mode.
""2020-03-23 10:42:01 - Finished Spring Data repository scanning in 89ms. Found 1 JPA repository interfaces.
""2020-03-23 10:42:01 - Multiple Spring Data modules found, entering strict repository configuration mode!
""2020-03-23 10:42:01 - Bootstrapping Spring Data LDAP repositories in DEFAULT mode.
""2020-03-23 10:42:01 - Spring Data LDAP - Could not safely identify store assignment for repository candidate interface com.apiconsumer.repository.UserRepository. If you want this repository to be a LDAP repository, consider annotating your entities with one of these annotations: org.springframework.ldap.odm.annotations.Entry (preferred), or consider extending one of the following types with your repository: org.springframework.data.ldap.repository.LdapRepository.
""2020-03-23 10:42:01 - Finished Spring Data repository scanning in 11ms. Found 0 LDAP repository interfaces.
""2020-03-23 10:42:02 - Tomcat initialized with port(s): 5050 (http)
""2020-03-23 10:42:02 - Starting service [Tomcat]
""2020-03-23 10:42:02 - Starting Servlet engine: [Apache Tomcat/9.0.31]
""2020-03-23 10:42:03 - At least one JAR was scanned for TLDs yet contained no TLDs. Enable debug logging for this logger for a complete list of JARs that were scanned but no TLDs were found in them. Skipping unneeded JARs during scanning can improve startup time and JSP compilation time.
""2020-03-23 10:42:03 - Initializing Spring embedded WebApplicationContext
""2020-03-23 10:42:03 - Root WebApplicationContext: initialization completed in 2569 ms
""2020-03-23 10:42:03 - Property 'userDn' not set - anonymous context will be used for read-write operations
""2020-03-23 10:42:03 - HHH000204: Processing PersistenceUnitInfo [name: default]
""2020-03-23 10:42:03 - HHH000412: Hibernate ORM core version 5.4.12.Final
""2020-03-23 10:42:04 - HCANN000001: Hibernate Commons Annotations {5.1.0.Final}
""2020-03-23 10:42:04 - HikariPool-1 - Starting...
""2020-03-23 10:42:04 - HikariPool-1 - Start completed.
""2020-03-23 10:42:04 - HHH000400: Using dialect: org.hibernate.dialect.MySQL5InnoDBDialect
""2020-03-23 10:42:05 - HHH000490: Using JtaPlatform implementation: [org.hibernate.engine.transaction.jta.platform.internal.NoJtaPlatform]
""2020-03-23 10:42:05 - Initialized JPA EntityManagerFactory for persistence unit 'default'
""2020-03-23 10:42:05 - Creating filter chain: any request, [org.springframework.security.web.context.request.async.WebAsyncManagerIntegrationFilter@5889fc44, org.springframework.security.web.context.SecurityContextPersistenceFilter@44d43cc9, org.springframework.security.web.header.HeaderWriterFilter@2262f0d8, org.springframework.security.web.authentication.logout.LogoutFilter@4e94669c, org.springframework.security.web.authentication.UsernamePasswordAuthenticationFilter@56ec6960, org.springframework.security.web.savedrequest.RequestCacheAwareFilter@656ec00d, org.springframework.security.web.servletapi.SecurityContextHolderAwareRequestFilter@a3b858f, org.springframework.security.web.authentication.AnonymousAuthenticationFilter@6598caab, org.springframework.security.web.session.SessionManagementFilter@59e082f8, org.springframework.security.web.access.ExceptionTranslationFilter@2bdb5e0f, org.springframework.security.web.access.intercept.FilterSecurityInterceptor@63f2e0b]
""2020-03-23 10:42:06 - Initializing ExecutorService 'applicationTaskExecutor'
""2020-03-23 10:42:06 - Exposing 2 endpoint(s) beneath base path '/actuator'
""2020-03-23 10:42:06 - Tomcat started on port(s): 5050 (http) with context path ''
""2020-03-23 10:42:06 - Started EmployeeManagementSystemApplication in 6.516 seconds (JVM running for 7.555)
""2020-03-23 10:42:06 - Initializing Spring DispatcherServlet 'dispatcherServlet'
""2020-03-23 10:42:06 - Initializing Servlet 'dispatcherServlet'
""2020-03-23 10:42:06 - Completed initialization in 8 ms
"